<?xml version="1.0" encoding="UTF-8"?>
<testsuite xmlns:xsi="http://www.w3.org/2001/XMLSchema-instance" xsi:noNamespaceSchemaLocation="https://maven.apache.org/surefire/maven-surefire-plugin/xsd/surefire-test-report-3.0.xsd" version="3.0" name="TestRunner.TestRunner" time="181.392" tests="6" errors="0" skipped="0" failures="0">
  <properties>
[...]
</properties>
  <testcase name="Create New Valid Customer" classname="Customers Module" time="42.923">
    <system-out><![CDATA[Feature: Customers Module

  Background: Below are the common steps for each customer scenario                  # src/test/resources/Features/Customers1.feature:3
    Given User Launch Chrome Browser                                                 # Steps.user_Launch_Chrome_Browser()
03-16-2024 15:50:25 Steps.java INFO  [main] nopCommerce 52 - ************* Launching Test-Site Url *****************
    When User opens "https://admin-demo.nopcommerce.com/login?ReturnUrl=%2Fadmin%2F" # Steps.user_opens(String)
03-16-2024 15:50:29 Steps.java INFO  [main] nopCommerce 82 - ************* Validating Page Title *****************
    Then Page Title Should be "Your store. Login"                                    # Steps.page_Title_Should_be(String)
03-16-2024 15:50:29 Steps.java INFO  [main] nopCommerce 60 - ************* Sending Email Id & Password *****************
    And User sends Email as "admin@yourstore.com" & password as "admin"              # Steps.user_sends_Email_as_password_as(String,String)
03-16-2024 15:50:32 Steps.java INFO  [main] nopCommerce 68 - ************* Logging In *****************
    And Click on Login                                                               # Steps.click_on_Login()
03-16-2024 15:50:48 Steps.java INFO  [main] nopCommerce 82 - ************* Validating Page Title *****************
    Then Page Title Should be "Dashboard / nopCommerce administration"               # Steps.page_Title_Should_be(String)
    And Click on Customers Menu                                                      # Steps.click_on_Customers_Menu()
03-16-2024 15:50:48 Steps.java INFO  [main] nopCommerce 109 - ************* Navigated on Customer Page *****************
    And Click on Customers Sub-Menu                                                  # Steps.click_on_Customers_Sub_Menu()

  @smoke @regression
  Scenario: Create New Valid Customer                                                       # src/test/resources/Features/Customers1.feature:14
03-16-2024 15:50:53 Steps.java INFO  [main] nopCommerce 115 - ************* Navigated to Add New Customer Page *****************
    Then Click on Add new button                                                            # Steps.click_on_Add_new_button()
03-16-2024 15:50:55 Steps.java INFO  [main] nopCommerce 82 - ************* Validating Page Title *****************
    Then Page Title Should be "Add a new customer / nopCommerce administration"             # Steps.page_Title_Should_be(String)
03-16-2024 15:50:57 Steps.java INFO  [main] nopCommerce 122 - ************* Filling New Customer Details *****************
    And Provide the Customer info                                                           # Steps.provide_the_Customer_info_like()
03-16-2024 15:51:00 Steps.java INFO  [main] nopCommerce 137 - ************* Saving New Customer Details *****************
    Then Click on Save button                                                               # Steps.click_on_Save_button()
03-16-2024 15:51:01 Steps.java INFO  [main] nopCommerce 143 - ************* New Customer Created Successfully *****************
    Then User can view confirmation message "The new customer has been added successfully." # Steps.user_can_view_confirmation_message(String)
03-16-2024 15:51:02 Steps.java INFO  [main] nopCommerce 96 - ************* Closing Browser *****************
    Then close browser                                                                      # Steps.close_browser()
]]></system-out>
    <system-err><![CDATA[Mar 16, 2024 3:50:22 PM cucumber.runtime.java.ObjectFactoryLoader loadSingleObjectFactory
WARNING: Use deprecated reflections to load ObjectFactory.
Starting ChromeDriver 121.0.6167.85 (3f98d690ad7e59242ef110144c757b2ac4eef1a2-refs/branch-heads/6167@{#1539}) on port 6589
Only local connections are allowed.
Please see https://chromedriver.chromium.org/security-considerations for suggestions on keeping ChromeDriver safe.
ChromeDriver was started successfully.
[1710584424.761][WARNING]: This version of ChromeDriver has not been tested with Chrome version 122.
Mar 16, 2024 3:50:25 PM org.openqa.selenium.remote.ProtocolHandshake createSession
INFO: Detected dialect: W3C
]]></system-err>
  </testcase>
  <testcase name="Search Customer using Email Id" classname="Customers Module" time="38.438">
    <system-out><![CDATA[
  Background: Below are the common steps for each customer scenario                  # src/test/resources/Features/Customers1.feature:3
    Given User Launch Chrome Browser                                                 # Steps.user_Launch_Chrome_Browser()
03-16-2024 15:51:06 Steps.java INFO  [main] nopCommerce 52 - ************* Launching Test-Site Url *****************
    When User opens "https://admin-demo.nopcommerce.com/login?ReturnUrl=%2Fadmin%2F" # Steps.user_opens(String)
03-16-2024 15:51:11 Steps.java INFO  [main] nopCommerce 82 - ************* Validating Page Title *****************
    Then Page Title Should be "Your store. Login"                                    # Steps.page_Title_Should_be(String)
03-16-2024 15:51:11 Steps.java INFO  [main] nopCommerce 60 - ************* Sending Email Id & Password *****************
    And User sends Email as "admin@yourstore.com" & password as "admin"              # Steps.user_sends_Email_as_password_as(String,String)
03-16-2024 15:51:13 Steps.java INFO  [main] nopCommerce 68 - ************* Logging In *****************
    And Click on Login                                                               # Steps.click_on_Login()
03-16-2024 15:51:33 Steps.java INFO  [main] nopCommerce 82 - ************* Validating Page Title *****************
    Then Page Title Should be "Dashboard / nopCommerce administration"               # Steps.page_Title_Should_be(String)
    And Click on Customers Menu                                                      # Steps.click_on_Customers_Menu()
03-16-2024 15:51:33 Steps.java INFO  [main] nopCommerce 109 - ************* Navigated on Customer Page *****************
    And Click on Customers Sub-Menu                                                  # Steps.click_on_Customers_Sub_Menu()

  @regression
  Scenario: Search Customer using Email Id                   # src/test/resources/Features/Customers1.feature:23
03-16-2024 15:51:37 Steps.java INFO  [main] nopCommerce 150 - ************* Searching customer via Email Id *****************
    Then Enter the Email Address                             # Steps.enter_the_Email_Address()
03-16-2024 15:51:38 Steps.java INFO  [main] nopCommerce 157 - ************* Clicked on Search Button *****************
    And Click on Search button                               # Steps.click_on_Search_button()
03-16-2024 15:51:40 Steps.java INFO  [main] nopCommerce 163 - ************* Validating Search Customer through Email Id *****************
    Then Validate the Specific Email Id is getting reflected # Steps.validate_the_Specific_Email_Id_is_getting_reflected()
03-16-2024 15:51:41 Steps.java INFO  [main] nopCommerce 96 - ************* Closing Browser *****************
    Then close browser                                       # Steps.close_browser()
]]></system-out>
    <system-err><![CDATA[Starting ChromeDriver 121.0.6167.85 (3f98d690ad7e59242ef110144c757b2ac4eef1a2-refs/branch-heads/6167@{#1539}) on port 30006
Only local connections are allowed.
Please see https://chromedriver.chromium.org/security-considerations for suggestions on keeping ChromeDriver safe.
ChromeDriver was started successfully.
[1710584466.356][WARNING]: This version of ChromeDriver has not been tested with Chrome version 122.
Mar 16, 2024 3:51:06 PM org.openqa.selenium.remote.ProtocolHandshake createSession
INFO: Detected dialect: W3C
]]></system-err>
  </testcase>
  <testcase name="Search Customer using Firstname &amp; Lastname" classname="Customers Module" time="32.1">
    <system-out><![CDATA[
  Background: Below are the common steps for each customer scenario                  # src/test/resources/Features/Customers1.feature:3
    Given User Launch Chrome Browser                                                 # Steps.user_Launch_Chrome_Browser()
03-16-2024 15:51:45 Steps.java INFO  [main] nopCommerce 52 - ************* Launching Test-Site Url *****************
    When User opens "https://admin-demo.nopcommerce.com/login?ReturnUrl=%2Fadmin%2F" # Steps.user_opens(String)
03-16-2024 15:51:49 Steps.java INFO  [main] nopCommerce 82 - ************* Validating Page Title *****************
    Then Page Title Should be "Your store. Login"                                    # Steps.page_Title_Should_be(String)
03-16-2024 15:51:49 Steps.java INFO  [main] nopCommerce 60 - ************* Sending Email Id & Password *****************
    And User sends Email as "admin@yourstore.com" & password as "admin"              # Steps.user_sends_Email_as_password_as(String,String)
03-16-2024 15:51:52 Steps.java INFO  [main] nopCommerce 68 - ************* Logging In *****************
    And Click on Login                                                               # Steps.click_on_Login()
03-16-2024 15:52:05 Steps.java INFO  [main] nopCommerce 82 - ************* Validating Page Title *****************
    Then Page Title Should be "Dashboard / nopCommerce administration"               # Steps.page_Title_Should_be(String)
    And Click on Customers Menu                                                      # Steps.click_on_Customers_Menu()
03-16-2024 15:52:05 Steps.java INFO  [main] nopCommerce 109 - ************* Navigated on Customer Page *****************
    And Click on Customers Sub-Menu                                                  # Steps.click_on_Customers_Sub_Menu()

  @regression
  Scenario: Search Customer using Firstname & Lastname                      # src/test/resources/Features/Customers1.feature:30
03-16-2024 15:52:09 Steps.java INFO  [main] nopCommerce 169 - ************* Searching customer via FirstName & LastName *****************
    Then Enter the Firstname & Lastname                                     # Steps.enter_the_Firstname_Lastname()
03-16-2024 15:52:10 Steps.java INFO  [main] nopCommerce 157 - ************* Clicked on Search Button *****************
    And Click on Search button                                              # Steps.click_on_Search_button()
03-16-2024 15:52:13 Steps.java INFO  [main] nopCommerce 176 - ************* Validating Search Customer through FirstName & LastName *****************
    Then Validate the Specific Firstname & Lastname Id is getting reflected # Steps.validate_the_Specific_Firstname_Lastname_Id_is_getting_reflected()
03-16-2024 15:52:13 Steps.java INFO  [main] nopCommerce 96 - ************* Closing Browser *****************
    Then close browser                                                      # Steps.close_browser()
]]></system-out>
    <system-err><![CDATA[Starting ChromeDriver 121.0.6167.85 (3f98d690ad7e59242ef110144c757b2ac4eef1a2-refs/branch-heads/6167@{#1539}) on port 29165
Only local connections are allowed.
Please see https://chromedriver.chromium.org/security-considerations for suggestions on keeping ChromeDriver safe.
ChromeDriver was started successfully.
[1710584504.949][WARNING]: This version of ChromeDriver has not been tested with Chrome version 122.
Mar 16, 2024 3:51:45 PM org.openqa.selenium.remote.ProtocolHandshake createSession
INFO: Detected dialect: W3C
]]></system-err>
  </testcase>
  <testcase name="Successful Login with valid credentials" classname="Login Module" time="33.321">
    <system-out><![CDATA[
Feature: Login Module

  @smoke @regression
  Scenario: Successful Login with valid credentials                                  # src/test/resources/Features/Login1.feature:4
    Given User Launch Chrome Browser                                                 # Steps.user_Launch_Chrome_Browser()
03-16-2024 15:52:17 Steps.java INFO  [main] nopCommerce 52 - ************* Launching Test-Site Url *****************
    When User opens "https://admin-demo.nopcommerce.com/login?ReturnUrl=%2Fadmin%2F" # Steps.user_opens(String)
03-16-2024 15:52:21 Steps.java INFO  [main] nopCommerce 82 - ************* Validating Page Title *****************
    Then Page Title Should be "Your store. Login"                                    # Steps.page_Title_Should_be(String)
03-16-2024 15:52:21 Steps.java INFO  [main] nopCommerce 60 - ************* Sending Email Id & Password *****************
    And User sends Email as "admin@yourstore.com" & password as "admin"              # Steps.user_sends_Email_as_password_as(String,String)
03-16-2024 15:52:24 Steps.java INFO  [main] nopCommerce 68 - ************* Logging In *****************
    And Click on Login                                                               # Steps.click_on_Login()
03-16-2024 15:52:44 Steps.java INFO  [main] nopCommerce 82 - ************* Validating Page Title *****************
    Then Page Title Should be "Dashboard / nopCommerce administration"               # Steps.page_Title_Should_be(String)
03-16-2024 15:52:44 Steps.java INFO  [main] nopCommerce 90 - ************* Logged Out Successfully *****************
    When User click on Logout link                                                   # Steps.user_cick_on_Logout_link()
03-16-2024 15:52:46 Steps.java INFO  [main] nopCommerce 82 - ************* Validating Page Title *****************
    Then Page Title Should be "Your store. Login"                                    # Steps.page_Title_Should_be(String)
03-16-2024 15:52:46 Steps.java INFO  [main] nopCommerce 96 - ************* Closing Browser *****************
    Then close browser                                                               # Steps.close_browser()
]]></system-out>
    <system-err><![CDATA[Starting ChromeDriver 121.0.6167.85 (3f98d690ad7e59242ef110144c757b2ac4eef1a2-refs/branch-heads/6167@{#1539}) on port 17397
Only local connections are allowed.
Please see https://chromedriver.chromium.org/security-considerations for suggestions on keeping ChromeDriver safe.
ChromeDriver was started successfully.
[1710584537.139][WARNING]: This version of ChromeDriver has not been tested with Chrome version 122.
Mar 16, 2024 3:52:17 PM org.openqa.selenium.remote.ProtocolHandshake createSession
INFO: Detected dialect: W3C
]]></system-err>
  </testcase>
  <testcase name="Login with Invalid credentials" classname="Login Module" time="17.338">
    <system-out><![CDATA[
  @regression
  Scenario Outline: Login with Invalid credentials # src/test/resources/Features/Login1.feature:16
    Given User Launch Chrome Browser
    When User opens "https://admin-demo.nopcommerce.com/login?ReturnUrl=%2Fadmin%2F"
    Then Page Title Should be "Your store. Login"
    And User sends Email as "<email>" & password as "<password>"
    And Click on Login
    Then Page Title Should be "Your store. Login"
    Then close browser

    Examples: 

  @regression
  Scenario Outline: Login with Invalid credentials                                   # src/test/resources/Features/Login1.feature:27
    Given User Launch Chrome Browser                                                 # Steps.user_Launch_Chrome_Browser()
03-16-2024 15:52:51 Steps.java INFO  [main] nopCommerce 52 - ************* Launching Test-Site Url *****************
    When User opens "https://admin-demo.nopcommerce.com/login?ReturnUrl=%2Fadmin%2F" # Steps.user_opens(String)
03-16-2024 15:52:56 Steps.java INFO  [main] nopCommerce 82 - ************* Validating Page Title *****************
    Then Page Title Should be "Your store. Login"                                    # Steps.page_Title_Should_be(String)
03-16-2024 15:52:56 Steps.java INFO  [main] nopCommerce 60 - ************* Sending Email Id & Password *****************
    And User sends Email as "admin1@yourstore.com" & password as "admin"             # Steps.user_sends_Email_as_password_as(String,String)
03-16-2024 15:52:59 Steps.java INFO  [main] nopCommerce 68 - ************* Logging In *****************
    And Click on Login                                                               # Steps.click_on_Login()
03-16-2024 15:53:04 Steps.java INFO  [main] nopCommerce 79 - ************* Display Invalid Login Message *****************
    Then Page Title Should be "Your store. Login"                                    # Steps.page_Title_Should_be(String)
03-16-2024 15:53:04 Steps.java INFO  [main] nopCommerce 96 - ************* Closing Browser *****************
    Then close browser                                                               # Steps.close_browser()
]]></system-out>
    <system-err><![CDATA[Starting ChromeDriver 121.0.6167.85 (3f98d690ad7e59242ef110144c757b2ac4eef1a2-refs/branch-heads/6167@{#1539}) on port 35556
Only local connections are allowed.
Please see https://chromedriver.chromium.org/security-considerations for suggestions on keeping ChromeDriver safe.
ChromeDriver was started successfully.
[1710584571.188][WARNING]: This version of ChromeDriver has not been tested with Chrome version 122.
Mar 16, 2024 3:52:51 PM org.openqa.selenium.remote.ProtocolHandshake createSession
INFO: Detected dialect: W3C
]]></system-err>
  </testcase>
  <testcase name="Login with Invalid credentials" classname="Login Module" time="16.394">
    <system-out><![CDATA[
  @regression
  Scenario Outline: Login with Invalid credentials                                   # src/test/resources/Features/Login1.feature:28
    Given User Launch Chrome Browser                                                 # Steps.user_Launch_Chrome_Browser()
03-16-2024 15:53:08 Steps.java INFO  [main] nopCommerce 52 - ************* Launching Test-Site Url *****************
    When User opens "https://admin-demo.nopcommerce.com/login?ReturnUrl=%2Fadmin%2F" # Steps.user_opens(String)
03-16-2024 15:53:12 Steps.java INFO  [main] nopCommerce 82 - ************* Validating Page Title *****************
    Then Page Title Should be "Your store. Login"                                    # Steps.page_Title_Should_be(String)
03-16-2024 15:53:12 Steps.java INFO  [main] nopCommerce 60 - ************* Sending Email Id & Password *****************
    And User sends Email as "admin@yourstore.com" & password as "admin123"           # Steps.user_sends_Email_as_password_as(String,String)
03-16-2024 15:53:15 Steps.java INFO  [main] nopCommerce 68 - ************* Logging In *****************
    And Click on Login                                                               # Steps.click_on_Login()
03-16-2024 15:53:20 Steps.java INFO  [main] nopCommerce 79 - ************* Display Invalid Login Message *****************
    Then Page Title Should be "Your store. Login"                                    # Steps.page_Title_Should_be(String)
03-16-2024 15:53:20 Steps.java INFO  [main] nopCommerce 96 - ************* Closing Browser *****************
    Then close browser                                                               # Steps.close_browser()
]]></system-out>
    <system-err><![CDATA[Starting ChromeDriver 121.0.6167.85 (3f98d690ad7e59242ef110144c757b2ac4eef1a2-refs/branch-heads/6167@{#1539}) on port 25704
Only local connections are allowed.
Please see https://chromedriver.chromium.org/security-considerations for suggestions on keeping ChromeDriver safe.
ChromeDriver was started successfully.
[1710584587.817][WARNING]: This version of ChromeDriver has not been tested with Chrome version 122.
Mar 16, 2024 3:53:08 PM org.openqa.selenium.remote.ProtocolHandshake createSession
INFO: Detected dialect: W3C
[1710584600.613][SEVERE]: Unable to receive message from renderer
]]></system-err>
  </testcase>
</testsuite>